::1 - - [25/Mar/2018:00:46:50 +0600] "GET / HTTP/1.1" 200 580 "-" "Mozilla/5.0 (X11; Linux x86_64) AppleWebKit/537.36 (KHTML, like Gecko) Chrome/65.0.3325.181 Safari/537.36"
::1 - - [25/Mar/2018:01:02:19 +0600] "GET / HTTP/1.1" 200 222 "-" "Mozilla/5.0 (X11; Linux x86_64) AppleWebKit/537.36 (KHTML, like Gecko) Chrome/65.0.3325.181 Safari/537.36"
::1 - - [25/Mar/2018:01:02:54 +0600] "GET /index.php HTTP/1.1" 200 222 "-" "Mozilla/5.0 (X11; Linux x86_64) AppleWebKit/537.36 (KHTML, like Gecko) Chrome/65.0.3325.181 Safari/537.36"
::1 - - [25/Mar/2018:01:03:14 +0600] "GET /index.php?/home HTTP/1.1" 200 227 "-" "Mozilla/5.0 (X11; Linux x86_64) AppleWebKit/537.36 (KHTML, like Gecko) Chrome/65.0.3325.181 Safari/537.36"
::1 - - [25/Mar/2018:01:38:50 +0600] "GET /index.php?/home HTTP/1.1" 500 799 "-" "Mozilla/5.0 (X11; Linux x86_64) AppleWebKit/537.36 (KHTML, like Gecko) Chrome/65.0.3325.181 Safari/537.36"
::1 - - [25/Mar/2018:01:39:24 +0600] "GET /index.php?/home HTTP/1.1" 500 799 "-" "Mozilla/5.0 (X11; Linux x86_64) AppleWebKit/537.36 (KHTML, like Gecko) Chrome/65.0.3325.181 Safari/537.36"
::1 - - [25/Mar/2018:01:39:28 +0600] "GET /index.php?/home HTTP/1.1" 500 799 "-" "Mozilla/5.0 (X11; Linux x86_64) AppleWebKit/537.36 (KHTML, like Gecko) Chrome/65.0.3325.181 Safari/537.36"
::1 - - [25/Mar/2018:01:39:28 +0600] "GET /favicon.ico HTTP/1.1" 500 799 "http://localhost/index.php?/home" "Mozilla/5.0 (X11; Linux x86_64) AppleWebKit/537.36 (KHTML, like Gecko) Chrome/65.0.3325.181 Safari/537.36"
::1 - - [25/Mar/2018:01:39:42 +0600] "GET / HTTP/1.1" 500 799 "-" "Mozilla/5.0 (X11; Linux x86_64) AppleWebKit/537.36 (KHTML, like Gecko) Chrome/65.0.3325.181 Safari/537.36"
::1 - - [25/Mar/2018:01:39:42 +0600] "GET /favicon.ico HTTP/1.1" 500 799 "http://localhost/" "Mozilla/5.0 (X11; Linux x86_64) AppleWebKit/537.36 (KHTML, like Gecko) Chrome/65.0.3325.181 Safari/537.36"
::1 - - [25/Mar/2018:01:44:34 +0600] "GET / HTTP/1.1" 200 222 "-" "Mozilla/5.0 (X11; Linux x86_64) AppleWebKit/537.36 (KHTML, like Gecko) Chrome/65.0.3325.181 Safari/537.36"
::1 - - [25/Mar/2018:01:44:34 +0600] "GET /favicon.ico HTTP/1.1" 200 232 "http://localhost/" "Mozilla/5.0 (X11; Linux x86_64) AppleWebKit/537.36 (KHTML, like Gecko) Chrome/65.0.3325.181 Safari/537.36"
::1 - - [25/Mar/2018:01:45:01 +0600] "GET /products HTTP/1.1" 200 230 "-" "Mozilla/5.0 (X11; Linux x86_64) AppleWebKit/537.36 (KHTML, like Gecko) Chrome/65.0.3325.181 Safari/537.36"
::1 - - [25/Mar/2018:01:45:01 +0600] "GET /favicon.ico HTTP/1.1" 200 232 "http://localhost/products" "Mozilla/5.0 (X11; Linux x86_64) AppleWebKit/537.36 (KHTML, like Gecko) Chrome/65.0.3325.181 Safari/537.36"
::1 - - [25/Mar/2018:01:47:43 +0600] "GET /%D0%B0%D0%B3%D1%81%D0%BB HTTP/1.1" 200 230 "-" "Mozilla/5.0 (X11; Linux x86_64) AppleWebKit/537.36 (KHTML, like Gecko) Chrome/65.0.3325.181 Safari/537.36"
::1 - - [25/Mar/2018:01:47:43 +0600] "GET /favicon.ico HTTP/1.1" 200 232 "http://localhost/%D0%B0%D0%B3%D1%81%D0%BB" "Mozilla/5.0 (X11; Linux x86_64) AppleWebKit/537.36 (KHTML, like Gecko) Chrome/65.0.3325.181 Safari/537.36"
::1 - - [25/Mar/2018:01:47:47 +0600] "GET / HTTP/1.1" 200 221 "-" "Mozilla/5.0 (X11; Linux x86_64) AppleWebKit/537.36 (KHTML, like Gecko) Chrome/65.0.3325.181 Safari/537.36"
::1 - - [25/Mar/2018:01:47:47 +0600] "GET /favicon.ico HTTP/1.1" 200 232 "http://localhost/" "Mozilla/5.0 (X11; Linux x86_64) AppleWebKit/537.36 (KHTML, like Gecko) Chrome/65.0.3325.181 Safari/537.36"
::1 - - [25/Mar/2018:02:01:42 +0600] "GET / HTTP/1.1" 500 185 "-" "Mozilla/5.0 (X11; Linux x86_64) AppleWebKit/537.36 (KHTML, like Gecko) Chrome/65.0.3325.181 Safari/537.36"
::1 - - [25/Mar/2018:02:01:45 +0600] "GET / HTTP/1.1" 500 185 "-" "Mozilla/5.0 (X11; Linux x86_64) AppleWebKit/537.36 (KHTML, like Gecko) Chrome/65.0.3325.181 Safari/537.36"
::1 - - [25/Mar/2018:02:03:53 +0600] "GET / HTTP/1.1" 500 185 "-" "Mozilla/5.0 (X11; Linux x86_64) AppleWebKit/537.36 (KHTML, like Gecko) Chrome/65.0.3325.181 Safari/537.36"
::1 - - [25/Mar/2018:02:06:28 +0600] "GET / HTTP/1.1" 200 209 "-" "Mozilla/5.0 (X11; Linux x86_64) AppleWebKit/537.36 (KHTML, like Gecko) Chrome/65.0.3325.181 Safari/537.36"
::1 - - [25/Mar/2018:02:06:28 +0600] "GET /favicon.ico HTTP/1.1" 200 208 "http://localhost/" "Mozilla/5.0 (X11; Linux x86_64) AppleWebKit/537.36 (KHTML, like Gecko) Chrome/65.0.3325.181 Safari/537.36"
::1 - - [25/Mar/2018:02:21:25 +0600] "GET / HTTP/1.1" 500 190 "-" "Mozilla/5.0 (X11; Linux x86_64) AppleWebKit/537.36 (KHTML, like Gecko) Chrome/65.0.3325.181 Safari/537.36"
::1 - - [25/Mar/2018:02:21:25 +0600] "GET /favicon.ico HTTP/1.1" 500 190 "http://localhost/" "Mozilla/5.0 (X11; Linux x86_64) AppleWebKit/537.36 (KHTML, like Gecko) Chrome/65.0.3325.181 Safari/537.36"
::1 - - [25/Mar/2018:02:21:29 +0600] "GET / HTTP/1.1" 500 190 "-" "Mozilla/5.0 (X11; Linux x86_64) AppleWebKit/537.36 (KHTML, like Gecko) Chrome/65.0.3325.181 Safari/537.36"
::1 - - [25/Mar/2018:02:21:29 +0600] "GET /favicon.ico HTTP/1.1" 500 190 "http://localhost/" "Mozilla/5.0 (X11; Linux x86_64) AppleWebKit/537.36 (KHTML, like Gecko) Chrome/65.0.3325.181 Safari/537.36"
::1 - - [25/Mar/2018:02:21:36 +0600] "GET / HTTP/1.1" 500 190 "-" "Mozilla/5.0 (X11; Linux x86_64) AppleWebKit/537.36 (KHTML, like Gecko) Chrome/65.0.3325.181 Safari/537.36"
::1 - - [25/Mar/2018:02:21:36 +0600] "GET /favicon.ico HTTP/1.1" 500 190 "http://localhost/" "Mozilla/5.0 (X11; Linux x86_64) AppleWebKit/537.36 (KHTML, like Gecko) Chrome/65.0.3325.181 Safari/537.36"
::1 - - [25/Mar/2018:02:23:29 +0600] "GET / HTTP/1.1" 200 393 "-" "Mozilla/5.0 (X11; Linux x86_64) AppleWebKit/537.36 (KHTML, like Gecko) Chrome/65.0.3325.181 Safari/537.36"
::1 - - [25/Mar/2018:02:23:29 +0600] "GET /favicon.ico HTTP/1.1" 200 392 "http://localhost/" "Mozilla/5.0 (X11; Linux x86_64) AppleWebKit/537.36 (KHTML, like Gecko) Chrome/65.0.3325.181 Safari/537.36"
::1 - - [25/Mar/2018:02:24:16 +0600] "GET /posts HTTP/1.1" 200 393 "-" "Mozilla/5.0 (X11; Linux x86_64) AppleWebKit/537.36 (KHTML, like Gecko) Chrome/65.0.3325.181 Safari/537.36"
::1 - - [25/Mar/2018:02:24:16 +0600] "GET /favicon.ico HTTP/1.1" 200 392 "http://localhost/posts" "Mozilla/5.0 (X11; Linux x86_64) AppleWebKit/537.36 (KHTML, like Gecko) Chrome/65.0.3325.181 Safari/537.36"
::1 - - [25/Mar/2018:14:19:06 +0600] "GET /favicon.ico HTTP/1.1" 200 393 "http://localhost/posts" "Mozilla/5.0 (X11; Linux x86_64) AppleWebKit/537.36 (KHTML, like Gecko) Chrome/65.0.3325.181 Safari/537.36"
::1 - - [25/Mar/2018:15:10:51 +0600] "GET /favicon.ico HTTP/1.1" 200 393 "http://localhost/posts" "Mozilla/5.0 (X11; Linux x86_64) AppleWebKit/537.36 (KHTML, like Gecko) Chrome/65.0.3325.181 Safari/537.36"
::1 - - [25/Mar/2018:15:32:12 +0600] "GET /posts HTTP/1.1" 200 393 "-" "Mozilla/5.0 (X11; Linux x86_64) AppleWebKit/537.36 (KHTML, like Gecko) Chrome/65.0.3325.181 Safari/537.36"
::1 - - [25/Mar/2018:15:32:12 +0600] "GET /favicon.ico HTTP/1.1" 200 392 "http://localhost/posts" "Mozilla/5.0 (X11; Linux x86_64) AppleWebKit/537.36 (KHTML, like Gecko) Chrome/65.0.3325.181 Safari/537.36"
::1 - - [25/Mar/2018:15:32:36 +0600] "GET /posts HTTP/1.1" 200 393 "-" "Mozilla/5.0 (X11; Linux x86_64) AppleWebKit/537.36 (KHTML, like Gecko) Chrome/65.0.3325.181 Safari/537.36"
::1 - - [25/Mar/2018:15:32:36 +0600] "GET /favicon.ico HTTP/1.1" 200 392 "http://localhost/posts" "Mozilla/5.0 (X11; Linux x86_64) AppleWebKit/537.36 (KHTML, like Gecko) Chrome/65.0.3325.181 Safari/537.36"
::1 - - [25/Mar/2018:15:58:03 +0600] "GET /posts HTTP/1.1" 200 347 "-" "Mozilla/5.0 (X11; Linux x86_64) AppleWebKit/537.36 (KHTML, like Gecko) Chrome/65.0.3325.181 Safari/537.36"
::1 - - [25/Mar/2018:15:58:03 +0600] "GET /favicon.ico HTTP/1.1" 200 239 "http://localhost/posts" "Mozilla/5.0 (X11; Linux x86_64) AppleWebKit/537.36 (KHTML, like Gecko) Chrome/65.0.3325.181 Safari/537.36"
::1 - - [25/Mar/2018:15:58:12 +0600] "GET /posts/new HTTP/1.1" 200 348 "-" "Mozilla/5.0 (X11; Linux x86_64) AppleWebKit/537.36 (KHTML, like Gecko) Chrome/65.0.3325.181 Safari/537.36"
::1 - - [25/Mar/2018:15:58:12 +0600] "GET /favicon.ico HTTP/1.1" 200 239 "http://localhost/posts/new" "Mozilla/5.0 (X11; Linux x86_64) AppleWebKit/537.36 (KHTML, like Gecko) Chrome/65.0.3325.181 Safari/537.36"
::1 - - [25/Mar/2018:15:58:17 +0600] "GET / HTTP/1.1" 200 348 "-" "Mozilla/5.0 (X11; Linux x86_64) AppleWebKit/537.36 (KHTML, like Gecko) Chrome/65.0.3325.181 Safari/537.36"
::1 - - [25/Mar/2018:15:58:17 +0600] "GET /favicon.ico HTTP/1.1" 200 239 "http://localhost/" "Mozilla/5.0 (X11; Linux x86_64) AppleWebKit/537.36 (KHTML, like Gecko) Chrome/65.0.3325.181 Safari/537.36"
::1 - - [25/Mar/2018:16:03:43 +0600] "-" 408 0 "-" "-"
::1 - - [25/Mar/2018:16:30:18 +0600] "GET /products HTTP/1.1" 200 237 "-" "Mozilla/5.0 (X11; Linux x86_64) AppleWebKit/537.36 (KHTML, like Gecko) Chrome/65.0.3325.181 Safari/537.36"
::1 - - [25/Mar/2018:16:30:18 +0600] "GET /favicon.ico HTTP/1.1" 200 239 "http://localhost/products" "Mozilla/5.0 (X11; Linux x86_64) AppleWebKit/537.36 (KHTML, like Gecko) Chrome/65.0.3325.181 Safari/537.36"
::1 - - [25/Mar/2018:18:38:54 +0600] "GET / HTTP/1.1" 200 349 "-" "Mozilla/5.0 (X11; Linux x86_64) AppleWebKit/537.36 (KHTML, like Gecko) Chrome/65.0.3325.181 Safari/537.36"
::1 - - [25/Mar/2018:18:38:54 +0600] "GET /favicon.ico HTTP/1.1" 200 239 "http://localhost/" "Mozilla/5.0 (X11; Linux x86_64) AppleWebKit/537.36 (KHTML, like Gecko) Chrome/65.0.3325.181 Safari/537.36"
::1 - - [25/Mar/2018:18:38:55 +0600] "GET / HTTP/1.1" 200 348 "-" "Mozilla/5.0 (X11; Linux x86_64) AppleWebKit/537.36 (KHTML, like Gecko) Chrome/65.0.3325.181 Safari/537.36"
::1 - - [25/Mar/2018:18:38:55 +0600] "GET /favicon.ico HTTP/1.1" 200 239 "http://localhost/" "Mozilla/5.0 (X11; Linux x86_64) AppleWebKit/537.36 (KHTML, like Gecko) Chrome/65.0.3325.181 Safari/537.36"
::1 - - [25/Mar/2018:18:38:55 +0600] "GET / HTTP/1.1" 200 348 "-" "Mozilla/5.0 (X11; Linux x86_64) AppleWebKit/537.36 (KHTML, like Gecko) Chrome/65.0.3325.181 Safari/537.36"
::1 - - [25/Mar/2018:18:38:55 +0600] "GET /favicon.ico HTTP/1.1" 200 239 "http://localhost/" "Mozilla/5.0 (X11; Linux x86_64) AppleWebKit/537.36 (KHTML, like Gecko) Chrome/65.0.3325.181 Safari/537.36"
::1 - - [25/Mar/2018:18:38:56 +0600] "GET / HTTP/1.1" 200 348 "-" "Mozilla/5.0 (X11; Linux x86_64) AppleWebKit/537.36 (KHTML, like Gecko) Chrome/65.0.3325.181 Safari/537.36"
::1 - - [25/Mar/2018:18:38:56 +0600] "GET /favicon.ico HTTP/1.1" 200 239 "http://localhost/" "Mozilla/5.0 (X11; Linux x86_64) AppleWebKit/537.36 (KHTML, like Gecko) Chrome/65.0.3325.181 Safari/537.36"
::1 - - [25/Mar/2018:18:38:58 +0600] "GET / HTTP/1.1" 200 348 "-" "Mozilla/5.0 (X11; Linux x86_64) AppleWebKit/537.36 (KHTML, like Gecko) Chrome/65.0.3325.181 Safari/537.36"
::1 - - [25/Mar/2018:18:38:58 +0600] "GET /favicon.ico HTTP/1.1" 200 239 "http://localhost/" "Mozilla/5.0 (X11; Linux x86_64) AppleWebKit/537.36 (KHTML, like Gecko) Chrome/65.0.3325.181 Safari/537.36"
::1 - - [25/Mar/2018:18:39:20 +0600] "GET /admin/products HTTP/1.1" 200 354 "-" "Mozilla/5.0 (X11; Linux x86_64) AppleWebKit/537.36 (KHTML, like Gecko) Chrome/65.0.3325.181 Safari/537.36"
::1 - - [25/Mar/2018:18:39:20 +0600] "GET /favicon.ico HTTP/1.1" 200 239 "http://localhost/admin/products" "Mozilla/5.0 (X11; Linux x86_64) AppleWebKit/537.36 (KHTML, like Gecko) Chrome/65.0.3325.181 Safari/537.36"
::1 - - [25/Mar/2018:18:52:05 +0600] "GET /admin/products HTTP/1.1" 200 354 "-" "Mozilla/5.0 (X11; Linux x86_64) AppleWebKit/537.36 (KHTML, like Gecko) Chrome/65.0.3325.181 Safari/537.36"
::1 - - [25/Mar/2018:18:52:05 +0600] "GET /favicon.ico HTTP/1.1" 200 239 "http://localhost/admin/products" "Mozilla/5.0 (X11; Linux x86_64) AppleWebKit/537.36 (KHTML, like Gecko) Chrome/65.0.3325.181 Safari/537.36"
::1 - - [25/Mar/2018:18:52:10 +0600] "GET / HTTP/1.1" 200 348 "-" "Mozilla/5.0 (X11; Linux x86_64) AppleWebKit/537.36 (KHTML, like Gecko) Chrome/65.0.3325.181 Safari/537.36"
::1 - - [25/Mar/2018:18:52:10 +0600] "GET /favicon.ico HTTP/1.1" 200 239 "http://localhost/" "Mozilla/5.0 (X11; Linux x86_64) AppleWebKit/537.36 (KHTML, like Gecko) Chrome/65.0.3325.181 Safari/537.36"
::1 - - [25/Mar/2018:18:52:33 +0600] "GET /products HTTP/1.1" 200 237 "-" "Mozilla/5.0 (X11; Linux x86_64) AppleWebKit/537.36 (KHTML, like Gecko) Chrome/65.0.3325.181 Safari/537.36"
::1 - - [25/Mar/2018:18:52:37 +0600] "GET /products/show HTTP/1.1" 200 352 "-" "Mozilla/5.0 (X11; Linux x86_64) AppleWebKit/537.36 (KHTML, like Gecko) Chrome/65.0.3325.181 Safari/537.36"
::1 - - [25/Mar/2018:18:52:37 +0600] "GET /favicon.ico HTTP/1.1" 200 239 "http://localhost/products/show" "Mozilla/5.0 (X11; Linux x86_64) AppleWebKit/537.36 (KHTML, like Gecko) Chrome/65.0.3325.181 Safari/537.36"
::1 - - [25/Mar/2018:19:05:23 +0600] "GET /posts/add-new HTTP/1.1" 200 353 "-" "Mozilla/5.0 (X11; Linux x86_64) AppleWebKit/537.36 (KHTML, like Gecko) Chrome/65.0.3325.181 Safari/537.36"
::1 - - [25/Mar/2018:19:05:23 +0600] "GET /favicon.ico HTTP/1.1" 200 239 "http://localhost/posts/add-new" "Mozilla/5.0 (X11; Linux x86_64) AppleWebKit/537.36 (KHTML, like Gecko) Chrome/65.0.3325.181 Safari/537.36"
::1 - - [25/Mar/2018:19:05:52 +0600] "GET /posts/123/edit HTTP/1.1" 200 362 "-" "Mozilla/5.0 (X11; Linux x86_64) AppleWebKit/537.36 (KHTML, like Gecko) Chrome/65.0.3325.181 Safari/537.36"
::1 - - [25/Mar/2018:19:05:53 +0600] "GET /favicon.ico HTTP/1.1" 200 239 "http://localhost/posts/123/edit" "Mozilla/5.0 (X11; Linux x86_64) AppleWebKit/537.36 (KHTML, like Gecko) Chrome/65.0.3325.181 Safari/537.36"
::1 - - [25/Mar/2018:19:11:24 +0600] "-" 408 0 "-" "-"
::1 - - [25/Mar/2018:20:14:00 +0600] "GET / HTTP/1.1" 500 185 "-" "Mozilla/5.0 (X11; Linux x86_64) AppleWebKit/537.36 (KHTML, like Gecko) Chrome/65.0.3325.181 Safari/537.36"
::1 - - [25/Mar/2018:20:15:22 +0600] "GET / HTTP/1.1" 200 231 "-" "Mozilla/5.0 (X11; Linux x86_64) AppleWebKit/537.36 (KHTML, like Gecko) Chrome/65.0.3325.181 Safari/537.36"
::1 - - [25/Mar/2018:20:15:22 +0600] "GET /favicon.ico HTTP/1.1" 200 219 "http://localhost/" "Mozilla/5.0 (X11; Linux x86_64) AppleWebKit/537.36 (KHTML, like Gecko) Chrome/65.0.3325.181 Safari/537.36"
::1 - - [25/Mar/2018:20:16:26 +0600] "GET /posts/index HTTP/1.1" 200 231 "-" "Mozilla/5.0 (X11; Linux x86_64) AppleWebKit/537.36 (KHTML, like Gecko) Chrome/65.0.3325.181 Safari/537.36"
::1 - - [25/Mar/2018:20:16:26 +0600] "GET /favicon.ico HTTP/1.1" 200 219 "http://localhost/posts/index" "Mozilla/5.0 (X11; Linux x86_64) AppleWebKit/537.36 (KHTML, like Gecko) Chrome/65.0.3325.181 Safari/537.36"
::1 - - [25/Mar/2018:20:17:32 +0600] "GET /posts/index HTTP/1.1" 200 256 "-" "Mozilla/5.0 (X11; Linux x86_64) AppleWebKit/537.36 (KHTML, like Gecko) Chrome/65.0.3325.181 Safari/537.36"
::1 - - [25/Mar/2018:20:17:32 +0600] "GET /favicon.ico HTTP/1.1" 200 219 "http://localhost/posts/index" "Mozilla/5.0 (X11; Linux x86_64) AppleWebKit/537.36 (KHTML, like Gecko) Chrome/65.0.3325.181 Safari/537.36"
::1 - - [25/Mar/2018:20:23:03 +0600] "-" 408 0 "-" "-"
::1 - - [25/Mar/2018:20:25:56 +0600] "GET /posts/add-new HTTP/1.1" 200 257 "-" "Mozilla/5.0 (X11; Linux x86_64) AppleWebKit/537.36 (KHTML, like Gecko) Chrome/65.0.3325.181 Safari/537.36"
::1 - - [25/Mar/2018:20:25:56 +0600] "GET /favicon.ico HTTP/1.1" 200 219 "http://localhost/posts/add-new" "Mozilla/5.0 (X11; Linux x86_64) AppleWebKit/537.36 (KHTML, like Gecko) Chrome/65.0.3325.181 Safari/537.36"
::1 - - [25/Mar/2018:21:28:59 +0600] "GET / HTTP/1.1" 500 185 "-" "Mozilla/5.0 (X11; Linux x86_64) AppleWebKit/537.36 (KHTML, like Gecko) Chrome/65.0.3325.181 Safari/537.36"
::1 - - [25/Mar/2018:21:31:01 +0600] "GET / HTTP/1.1" 500 185 "-" "Mozilla/5.0 (X11; Linux x86_64) AppleWebKit/537.36 (KHTML, like Gecko) Chrome/65.0.3325.181 Safari/537.36"
::1 - - [25/Mar/2018:21:35:35 +0600] "GET / HTTP/1.1" 500 185 "-" "Mozilla/5.0 (X11; Linux x86_64) AppleWebKit/537.36 (KHTML, like Gecko) Chrome/65.0.3325.181 Safari/537.36"
::1 - - [25/Mar/2018:21:37:03 +0600] "GET / HTTP/1.1" 500 185 "-" "Mozilla/5.0 (X11; Linux x86_64) AppleWebKit/537.36 (KHTML, like Gecko) Chrome/65.0.3325.181 Safari/537.36"
::1 - - [25/Mar/2018:21:38:27 +0600] "GET / HTTP/1.1" 200 255 "-" "Mozilla/5.0 (X11; Linux x86_64) AppleWebKit/537.36 (KHTML, like Gecko) Chrome/65.0.3325.181 Safari/537.36"
::1 - - [25/Mar/2018:21:38:27 +0600] "GET /favicon.ico HTTP/1.1" 200 219 "http://localhost/" "Mozilla/5.0 (X11; Linux x86_64) AppleWebKit/537.36 (KHTML, like Gecko) Chrome/65.0.3325.181 Safari/537.36"
::1 - - [25/Mar/2018:21:39:10 +0600] "GET /posts/index HTTP/1.1" 200 256 "-" "Mozilla/5.0 (X11; Linux x86_64) AppleWebKit/537.36 (KHTML, like Gecko) Chrome/65.0.3325.181 Safari/537.36"
::1 - - [25/Mar/2018:21:39:10 +0600] "GET /favicon.ico HTTP/1.1" 200 219 "http://localhost/posts/index" "Mozilla/5.0 (X11; Linux x86_64) AppleWebKit/537.36 (KHTML, like Gecko) Chrome/65.0.3325.181 Safari/537.36"
::1 - - [25/Mar/2018:21:39:55 +0600] "GET /posts/index?page=1 HTTP/1.1" 200 220 "-" "Mozilla/5.0 (X11; Linux x86_64) AppleWebKit/537.36 (KHTML, like Gecko) Chrome/65.0.3325.181 Safari/537.36"
::1 - - [25/Mar/2018:21:39:55 +0600] "GET /favicon.ico HTTP/1.1" 200 219 "http://localhost/posts/index?page=1" "Mozilla/5.0 (X11; Linux x86_64) AppleWebKit/537.36 (KHTML, like Gecko) Chrome/65.0.3325.181 Safari/537.36"
::1 - - [25/Mar/2018:21:55:26 +0600] "GET /posts/index?page=1 HTTP/1.1" 200 220 "-" "Mozilla/5.0 (X11; Linux x86_64) AppleWebKit/537.36 (KHTML, like Gecko) Chrome/65.0.3325.181 Safari/537.36"
::1 - - [25/Mar/2018:21:55:27 +0600] "GET /favicon.ico HTTP/1.1" 200 219 "http://localhost/posts/index?page=1" "Mozilla/5.0 (X11; Linux x86_64) AppleWebKit/537.36 (KHTML, like Gecko) Chrome/65.0.3325.181 Safari/537.36"
::1 - - [25/Mar/2018:21:55:29 +0600] "GET /posts/index?page=1 HTTP/1.1" 200 219 "-" "Mozilla/5.0 (X11; Linux x86_64) AppleWebKit/537.36 (KHTML, like Gecko) Chrome/65.0.3325.181 Safari/537.36"
::1 - - [25/Mar/2018:21:55:29 +0600] "GET /favicon.ico HTTP/1.1" 200 219 "http://localhost/posts/index?page=1" "Mozilla/5.0 (X11; Linux x86_64) AppleWebKit/537.36 (KHTML, like Gecko) Chrome/65.0.3325.181 Safari/537.36"
::1 - - [25/Mar/2018:21:55:49 +0600] "GET /posts/index?page=1 HTTP/1.1" 200 220 "-" "Mozilla/5.0 (X11; Linux x86_64) AppleWebKit/537.36 (KHTML, like Gecko) Chrome/65.0.3325.181 Safari/537.36"
::1 - - [25/Mar/2018:21:55:49 +0600] "GET /favicon.ico HTTP/1.1" 200 219 "http://localhost/posts/index?page=1" "Mozilla/5.0 (X11; Linux x86_64) AppleWebKit/537.36 (KHTML, like Gecko) Chrome/65.0.3325.181 Safari/537.36"
::1 - - [25/Mar/2018:21:57:22 +0600] "GET /posts/index?page=1 HTTP/1.1" 200 220 "-" "Mozilla/5.0 (X11; Linux x86_64) AppleWebKit/537.36 (KHTML, like Gecko) Chrome/65.0.3325.181 Safari/537.36"
::1 - - [25/Mar/2018:21:57:22 +0600] "GET /favicon.ico HTTP/1.1" 200 219 "http://localhost/posts/index?page=1" "Mozilla/5.0 (X11; Linux x86_64) AppleWebKit/537.36 (KHTML, like Gecko) Chrome/65.0.3325.181 Safari/537.36"
::1 - - [25/Mar/2018:21:57:22 +0600] "GET /posts/index?page=1 HTTP/1.1" 200 219 "-" "Mozilla/5.0 (X11; Linux x86_64) AppleWebKit/537.36 (KHTML, like Gecko) Chrome/65.0.3325.181 Safari/537.36"
::1 - - [25/Mar/2018:21:57:22 +0600] "GET /favicon.ico HTTP/1.1" 200 219 "http://localhost/posts/index?page=1" "Mozilla/5.0 (X11; Linux x86_64) AppleWebKit/537.36 (KHTML, like Gecko) Chrome/65.0.3325.181 Safari/537.36"
::1 - - [25/Mar/2018:21:57:23 +0600] "GET /posts/index?page=1 HTTP/1.1" 200 219 "-" "Mozilla/5.0 (X11; Linux x86_64) AppleWebKit/537.36 (KHTML, like Gecko) Chrome/65.0.3325.181 Safari/537.36"
::1 - - [25/Mar/2018:21:57:23 +0600] "GET /favicon.ico HTTP/1.1" 200 219 "http://localhost/posts/index?page=1" "Mozilla/5.0 (X11; Linux x86_64) AppleWebKit/537.36 (KHTML, like Gecko) Chrome/65.0.3325.181 Safari/537.36"
::1 - - [25/Mar/2018:21:57:23 +0600] "GET /posts/index?page=1 HTTP/1.1" 200 219 "-" "Mozilla/5.0 (X11; Linux x86_64) AppleWebKit/537.36 (KHTML, like Gecko) Chrome/65.0.3325.181 Safari/537.36"
::1 - - [25/Mar/2018:21:57:23 +0600] "GET /favicon.ico HTTP/1.1" 200 219 "http://localhost/posts/index?page=1" "Mozilla/5.0 (X11; Linux x86_64) AppleWebKit/537.36 (KHTML, like Gecko) Chrome/65.0.3325.181 Safari/537.36"
::1 - - [25/Mar/2018:21:57:25 +0600] "GET /posts/index?page=1 HTTP/1.1" 200 219 "-" "Mozilla/5.0 (X11; Linux x86_64) AppleWebKit/537.36 (KHTML, like Gecko) Chrome/65.0.3325.181 Safari/537.36"
::1 - - [25/Mar/2018:21:57:25 +0600] "GET /favicon.ico HTTP/1.1" 200 219 "http://localhost/posts/index?page=1" "Mozilla/5.0 (X11; Linux x86_64) AppleWebKit/537.36 (KHTML, like Gecko) Chrome/65.0.3325.181 Safari/537.36"
::1 - - [25/Mar/2018:21:57:29 +0600] "GET /posts/index?page=1 HTTP/1.1" 200 219 "-" "Mozilla/5.0 (X11; Linux x86_64) AppleWebKit/537.36 (KHTML, like Gecko) Chrome/65.0.3325.181 Safari/537.36"
::1 - - [25/Mar/2018:21:57:29 +0600] "GET /favicon.ico HTTP/1.1" 200 219 "http://localhost/posts/index?page=1" "Mozilla/5.0 (X11; Linux x86_64) AppleWebKit/537.36 (KHTML, like Gecko) Chrome/65.0.3325.181 Safari/537.36"
::1 - - [25/Mar/2018:22:00:12 +0600] "GET /posts/index?page=1 HTTP/1.1" 200 391 "-" "Mozilla/5.0 (X11; Linux x86_64) AppleWebKit/537.36 (KHTML, like Gecko) Chrome/65.0.3325.181 Safari/537.36"
::1 - - [25/Mar/2018:22:00:12 +0600] "GET /favicon.ico HTTP/1.1" 200 219 "http://localhost/posts/index?page=1" "Mozilla/5.0 (X11; Linux x86_64) AppleWebKit/537.36 (KHTML, like Gecko) Chrome/65.0.3325.181 Safari/537.36"
::1 - - [25/Mar/2018:22:01:20 +0600] "GET /posts/index?page=1&view=print HTTP/1.1" 200 400 "-" "Mozilla/5.0 (X11; Linux x86_64) AppleWebKit/537.36 (KHTML, like Gecko) Chrome/65.0.3325.181 Safari/537.36"
::1 - - [25/Mar/2018:22:01:20 +0600] "GET /favicon.ico HTTP/1.1" 200 219 "http://localhost/posts/index?page=1&view=print" "Mozilla/5.0 (X11; Linux x86_64) AppleWebKit/537.36 (KHTML, like Gecko) Chrome/65.0.3325.181 Safari/537.36"
::1 - - [25/Mar/2018:22:20:37 +0600] "GET /posts/123/edit HTTP/1.1" 200 394 "-" "Mozilla/5.0 (X11; Linux x86_64) AppleWebKit/537.36 (KHTML, like Gecko) Chrome/65.0.3325.181 Safari/537.36"
::1 - - [25/Mar/2018:22:20:37 +0600] "GET /favicon.ico HTTP/1.1" 200 219 "http://localhost/posts/123/edit" "Mozilla/5.0 (X11; Linux x86_64) AppleWebKit/537.36 (KHTML, like Gecko) Chrome/65.0.3325.181 Safari/537.36"
::1 - - [25/Mar/2018:22:29:20 +0600] "GET /posts/123/edit HTTP/1.1" 200 394 "-" "Mozilla/5.0 (X11; Linux x86_64) AppleWebKit/537.36 (KHTML, like Gecko) Chrome/65.0.3325.181 Safari/537.36"
::1 - - [25/Mar/2018:22:29:20 +0600] "GET /favicon.ico HTTP/1.1" 200 219 "http://localhost/posts/123/edit" "Mozilla/5.0 (X11; Linux x86_64) AppleWebKit/537.36 (KHTML, like Gecko) Chrome/65.0.3325.181 Safari/537.36"
::1 - - [25/Mar/2018:23:06:40 +0600] "GET / HTTP/1.1" 500 185 "-" "Mozilla/5.0 (X11; Linux x86_64) AppleWebKit/537.36 (KHTML, like Gecko) Chrome/65.0.3325.181 Safari/537.36"
::1 - - [25/Mar/2018:23:08:02 +0600] "GET / HTTP/1.1" 200 263 "-" "Mozilla/5.0 (X11; Linux x86_64) AppleWebKit/537.36 (KHTML, like Gecko) Chrome/65.0.3325.181 Safari/537.36"
::1 - - [25/Mar/2018:23:08:02 +0600] "GET /favicon.ico HTTP/1.1" 200 219 "http://localhost/" "Mozilla/5.0 (X11; Linux x86_64) AppleWebKit/537.36 (KHTML, like Gecko) Chrome/65.0.3325.181 Safari/537.36"
::1 - - [25/Mar/2018:23:11:26 +0600] "GET / HTTP/1.1" 200 264 "-" "Mozilla/5.0 (X11; Linux x86_64) AppleWebKit/537.36 (KHTML, like Gecko) Chrome/65.0.3325.181 Safari/537.36"
::1 - - [25/Mar/2018:23:11:26 +0600] "GET /favicon.ico HTTP/1.1" 200 219 "http://localhost/" "Mozilla/5.0 (X11; Linux x86_64) AppleWebKit/537.36 (KHTML, like Gecko) Chrome/65.0.3325.181 Safari/537.36"
::1 - - [25/Mar/2018:23:14:44 +0600] "GET / HTTP/1.1" 200 212 "-" "Mozilla/5.0 (X11; Linux x86_64) AppleWebKit/537.36 (KHTML, like Gecko) Chrome/65.0.3325.181 Safari/537.36"
::1 - - [25/Mar/2018:23:14:44 +0600] "GET /favicon.ico HTTP/1.1" 200 219 "http://localhost/" "Mozilla/5.0 (X11; Linux x86_64) AppleWebKit/537.36 (KHTML, like Gecko) Chrome/65.0.3325.181 Safari/537.36"
::1 - - [25/Mar/2018:23:14:54 +0600] "GET / HTTP/1.1" 200 264 "-" "Mozilla/5.0 (X11; Linux x86_64) AppleWebKit/537.36 (KHTML, like Gecko) Chrome/65.0.3325.181 Safari/537.36"
::1 - - [25/Mar/2018:23:14:54 +0600] "GET /favicon.ico HTTP/1.1" 200 219 "http://localhost/" "Mozilla/5.0 (X11; Linux x86_64) AppleWebKit/537.36 (KHTML, like Gecko) Chrome/65.0.3325.181 Safari/537.36"
::1 - - [25/Mar/2018:23:38:59 +0600] "GET /admin/users/index HTTP/1.1" 500 185 "-" "Mozilla/5.0 (X11; Linux x86_64) AppleWebKit/537.36 (KHTML, like Gecko) Chrome/65.0.3325.181 Safari/537.36"
::1 - - [25/Mar/2018:23:39:32 +0600] "GET /admin/users/index HTTP/1.1" 200 220 "-" "Mozilla/5.0 (X11; Linux x86_64) AppleWebKit/537.36 (KHTML, like Gecko) Chrome/65.0.3325.181 Safari/537.36"
::1 - - [25/Mar/2018:23:39:32 +0600] "GET /favicon.ico HTTP/1.1" 200 219 "http://localhost/admin/users/index" "Mozilla/5.0 (X11; Linux x86_64) AppleWebKit/537.36 (KHTML, like Gecko) Chrome/65.0.3325.181 Safari/537.36"
