[Sun Mar 25 01:38:50.512827 2018] [core:alert] [pid 5896] [client ::1:52384] /home/valeria/projects/example/public/.htaccess: Invalid command 'RewriteEngine', perhaps misspelled or defined by a module not included in the server configuration
[Sun Mar 25 01:39:24.648747 2018] [core:alert] [pid 8881] [client ::1:52390] /home/valeria/projects/example/public/.htaccess: Invalid command 'RewriteEngine', perhaps misspelled or defined by a module not included in the server configuration
[Sun Mar 25 01:39:28.014141 2018] [core:alert] [pid 8882] [client ::1:52392] /home/valeria/projects/example/public/.htaccess: Invalid command 'RewriteEngine', perhaps misspelled or defined by a module not included in the server configuration
[Sun Mar 25 01:39:28.033845 2018] [core:alert] [pid 8883] [client ::1:52394] /home/valeria/projects/example/public/.htaccess: Invalid command 'RewriteEngine', perhaps misspelled or defined by a module not included in the server configuration, referer: http://localhost/index.php?/home
[Sun Mar 25 01:39:42.096889 2018] [core:alert] [pid 8884] [client ::1:52396] /home/valeria/projects/example/public/.htaccess: Invalid command 'RewriteEngine', perhaps misspelled or defined by a module not included in the server configuration
[Sun Mar 25 01:39:42.167595 2018] [core:alert] [pid 8885] [client ::1:52398] /home/valeria/projects/example/public/.htaccess: Invalid command 'RewriteEngine', perhaps misspelled or defined by a module not included in the server configuration, referer: http://localhost/
[Sun Mar 25 02:01:42.543724 2018] [:error] [pid 10346] [client ::1:52686] PHP Fatal error:  Uncaught Error: Class 'Router' not found in /home/valeria/projects/example/public/index.php:8\nStack trace:\n#0 {main}\n  thrown in /home/valeria/projects/example/public/index.php on line 8
[Sun Mar 25 02:01:45.208073 2018] [:error] [pid 10347] [client ::1:52688] PHP Fatal error:  Uncaught Error: Class 'Router' not found in /home/valeria/projects/example/public/index.php:8\nStack trace:\n#0 {main}\n  thrown in /home/valeria/projects/example/public/index.php on line 8
[Sun Mar 25 02:03:53.168322 2018] [:error] [pid 10348] [client ::1:52920] PHP Fatal error:  Uncaught Error: Class 'Router' not found in /home/valeria/projects/example/public/index.php:8\nStack trace:\n#0 {main}\n  thrown in /home/valeria/projects/example/public/index.php on line 8
[Sun Mar 25 02:21:25.799344 2018] [:error] [pid 10350] [client ::1:53072] PHP Notice:  Undefined variable: route in /home/valeria/projects/example/public/index.php on line 18
[Sun Mar 25 02:21:25.799652 2018] [:error] [pid 10350] [client ::1:53072] PHP Fatal error:  Uncaught Error: Call to a member function getRoutes() on null in /home/valeria/projects/example/public/index.php:18\nStack trace:\n#0 {main}\n  thrown in /home/valeria/projects/example/public/index.php on line 18
[Sun Mar 25 02:21:25.848663 2018] [:error] [pid 10346] [client ::1:53074] PHP Notice:  Undefined variable: route in /home/valeria/projects/example/public/index.php on line 18, referer: http://localhost/
[Sun Mar 25 02:21:25.848843 2018] [:error] [pid 10346] [client ::1:53074] PHP Fatal error:  Uncaught Error: Call to a member function getRoutes() on null in /home/valeria/projects/example/public/index.php:18\nStack trace:\n#0 {main}\n  thrown in /home/valeria/projects/example/public/index.php on line 18, referer: http://localhost/
[Sun Mar 25 02:21:29.204499 2018] [:error] [pid 10347] [client ::1:53076] PHP Notice:  Undefined variable: route in /home/valeria/projects/example/public/index.php on line 18
[Sun Mar 25 02:21:29.204628 2018] [:error] [pid 10347] [client ::1:53076] PHP Fatal error:  Uncaught Error: Call to a member function getRoutes() on null in /home/valeria/projects/example/public/index.php:18\nStack trace:\n#0 {main}\n  thrown in /home/valeria/projects/example/public/index.php on line 18
[Sun Mar 25 02:21:29.248823 2018] [:error] [pid 10348] [client ::1:53078] PHP Notice:  Undefined variable: route in /home/valeria/projects/example/public/index.php on line 18, referer: http://localhost/
[Sun Mar 25 02:21:29.248896 2018] [:error] [pid 10348] [client ::1:53078] PHP Fatal error:  Uncaught Error: Call to a member function getRoutes() on null in /home/valeria/projects/example/public/index.php:18\nStack trace:\n#0 {main}\n  thrown in /home/valeria/projects/example/public/index.php on line 18, referer: http://localhost/
[Sun Mar 25 02:21:36.516407 2018] [:error] [pid 10734] [client ::1:53080] PHP Notice:  Undefined variable: route in /home/valeria/projects/example/public/index.php on line 18
[Sun Mar 25 02:21:36.516562 2018] [:error] [pid 10734] [client ::1:53080] PHP Fatal error:  Uncaught Error: Call to a member function getRoutes() on null in /home/valeria/projects/example/public/index.php:18\nStack trace:\n#0 {main}\n  thrown in /home/valeria/projects/example/public/index.php on line 18
[Sun Mar 25 02:21:36.553255 2018] [:error] [pid 10349] [client ::1:53082] PHP Notice:  Undefined variable: route in /home/valeria/projects/example/public/index.php on line 18, referer: http://localhost/
[Sun Mar 25 02:21:36.553316 2018] [:error] [pid 10349] [client ::1:53082] PHP Fatal error:  Uncaught Error: Call to a member function getRoutes() on null in /home/valeria/projects/example/public/index.php:18\nStack trace:\n#0 {main}\n  thrown in /home/valeria/projects/example/public/index.php on line 18, referer: http://localhost/
[Sun Mar 25 20:14:00.427783 2018] [:error] [pid 16130] [client ::1:48982] PHP Parse error:  syntax error, unexpected 'class' (T_CLASS) in /home/valeria/projects/example/Core/Router.php on line 91
[Sun Mar 25 20:15:22.807639 2018] [:error] [pid 16436] [client ::1:48992] PHP Notice:  Undefined variable: thos in /home/valeria/projects/example/Core/Router.php on line 88
[Sun Mar 25 20:15:22.807873 2018] [:error] [pid 16436] [client ::1:48992] PHP Notice:  Trying to get property of non-object in /home/valeria/projects/example/Core/Router.php on line 88
[Sun Mar 25 20:16:26.721375 2018] [:error] [pid 16127] [client ::1:48996] PHP Notice:  Undefined variable: thos in /home/valeria/projects/example/Core/Router.php on line 88
[Sun Mar 25 20:16:26.721418 2018] [:error] [pid 16127] [client ::1:48996] PHP Notice:  Trying to get property of non-object in /home/valeria/projects/example/Core/Router.php on line 88
[Sun Mar 25 21:28:59.228793 2018] [:error] [pid 16436] [client ::1:49806] PHP Parse error:  syntax error, unexpected ')', expecting '{' in /home/valeria/projects/example/public/index.php on line 8
[Sun Mar 25 21:31:01.198497 2018] [:error] [pid 16128] [client ::1:49818] PHP Parse error:  syntax error, unexpected ')', expecting '{' in /home/valeria/projects/example/public/index.php on line 8
[Sun Mar 25 21:35:35.586824 2018] [:error] [pid 16129] [client ::1:49852] PHP Parse error:  syntax error, unexpected ')', expecting '{' in /home/valeria/projects/example/public/index.php on line 9
[Sun Mar 25 21:37:03.265386 2018] [:error] [pid 16130] [client ::1:49858] PHP Fatal error:  Uncaught Error: Class 'CoreRouter' not found in /home/valeria/projects/example/public/index.php:21\nStack trace:\n#0 {main}\n  thrown in /home/valeria/projects/example/public/index.php on line 21
[Sun Mar 25 23:06:40.496393 2018] [:error] [pid 16130] [client ::1:50476] PHP Parse error:  syntax error, unexpected '.', expecting ')' in /home/valeria/projects/example/Core/Controller.php on line 28
[Sun Mar 25 23:38:59.297231 2018] [:error] [pid 16131] [client ::1:50722] PHP Parse error:  syntax error, unexpected ';', expecting '{' in /home/valeria/projects/example/App/Controllers/Admin/Users.php on line 8
